<?xml version="1.0" encoding="UTF-8"?>
<!-- Generated by org.testng.reporters.JUnitReportReporter -->
<testsuite hostname="DESKTOP-H2FH8TB" failures="0" tests="3" name="kanchanaacademy.Tests.SubmitOrderTest" time="79.910" errors="0" timestamp="2568-01-17T01:37:53 ICT" skipped="0">
  <testcase classname="kanchanaacademy.Tests.SubmitOrderTest" name="OrderHistoryTest" time="29.326"/>
  <testcase classname="kanchanaacademy.Tests.SubmitOrderTest" name="submitOrder" time="36.335"/>
  <testcase classname="kanchanaacademy.Tests.SubmitOrderTest" name="submitOrder" time="14.249"/>
</testsuite> <!-- kanchanaacademy.Tests.SubmitOrderTest -->
