<?xml version="1.0" encoding="UTF-8"?>
<!-- Generated by org.testng.reporters.JUnitReportReporter -->
<testsuite hostname="DESKTOP-H2FH8TB" failures="0" tests="3" name="kanchanaacademy.Tests.SubmitOrderTest" time="75.122" errors="0" timestamp="2568-01-18T00:45:24 GMT+07:00" skipped="0">
  <testcase classname="kanchanaacademy.Tests.SubmitOrderTest" name="submitOrder" time="28.929"/>
  <testcase classname="kanchanaacademy.Tests.SubmitOrderTest" name="submitOrder" time="14.332"/>
  <testcase classname="kanchanaacademy.Tests.SubmitOrderTest" name="OrderHistoryTest" time="31.861"/>
</testsuite> <!-- kanchanaacademy.Tests.SubmitOrderTest -->
