<?xml version="1.0" encoding="UTF-8"?>
<!-- Generated by org.testng.reporters.JUnitReportReporter -->
<testsuite hostname="DESKTOP-H2FH8TB" failures="0" tests="2" name="kanchanaacademy.Tests.ErrorValidations" time="63.213" errors="0" timestamp="2568-01-18T00:45:24 GMT+07:00" skipped="0">
  <testcase classname="kanchanaacademy.Tests.ErrorValidations" name="loginErrorValidataion" time="28.708"/>
  <testcase classname="kanchanaacademy.Tests.ErrorValidations" name="ProductErrorValidation" time="34.505"/>
</testsuite> <!-- kanchanaacademy.Tests.ErrorValidations -->
